2026-01-30 11:11:23,140 - src.model_trainer - INFO - Initialized Random Forest model
2026-01-30 11:11:23,140 - src.model_trainer - INFO - Training random_forest model on 164352 samples
2026-01-30 11:11:25,287 - src.model_trainer - INFO - Model training complete
2026-01-30 11:11:25,393 - src.model_trainer - INFO - Training accuracy: 0.8831
2026-01-30 11:11:25,393 - src.model_trainer - INFO - Performing 5-fold cross-validation
2026-01-30 11:11:35,014 - src.model_trainer - INFO - CV Accuracy: 0.8831 (+/- 0.0183)
2026-01-30 11:11:35,149 - src.model_trainer - INFO - Saving model to /home/abel/Desktop/fraud-detection/fraud-detection-for-e-commerce-and-bank-transactions/models/random_forest_fraud_model.joblib
2026-01-30 11:11:35,191 - src.model_trainer - INFO - Model saved successfully
2026-01-30 11:11:35,192 - src.model_trainer - INFO - Initialized XGBoost model
2026-01-30 11:11:35,192 - src.model_trainer - INFO - Training xgboost model on 164352 samples
2026-01-30 11:11:35,815 - src.model_trainer - INFO - Model training complete
2026-01-30 11:11:35,862 - src.model_trainer - INFO - Training accuracy: 0.9530
2026-01-30 11:11:35,863 - src.model_trainer - INFO - Performing 5-fold cross-validation
2026-01-30 11:11:38,422 - src.model_trainer - INFO - CV Accuracy: 0.9550 (+/- 0.0543)
2026-01-30 11:11:38,469 - src.model_trainer - INFO - Saving model to /home/abel/Desktop/fraud-detection/fraud-detection-for-e-commerce-and-bank-transactions/models/xgboost_fraud_model.joblib
2026-01-30 11:11:38,474 - src.model_trainer - INFO - Model saved successfully
2026-01-30 11:12:11,025 - src.model_trainer - INFO - Initialized Random Forest model
2026-01-30 11:12:11,025 - src.model_trainer - INFO - Training random_forest model on 164352 samples
2026-01-30 11:12:13,191 - src.model_trainer - INFO - Model training complete
2026-01-30 11:12:13,290 - src.model_trainer - INFO - Training accuracy: 0.8831
2026-01-30 11:12:13,290 - src.model_trainer - INFO - Performing 5-fold cross-validation
2026-01-30 11:12:22,717 - src.model_trainer - INFO - CV Accuracy: 0.8831 (+/- 0.0183)
2026-01-30 11:12:22,812 - src.model_trainer - INFO - Saving model to /home/abel/Desktop/fraud-detection/fraud-detection-for-e-commerce-and-bank-transactions/models/random_forest_fraud_model.joblib
2026-01-30 11:12:22,854 - src.model_trainer - INFO - Model saved successfully
2026-01-30 11:12:22,855 - src.model_trainer - INFO - Initialized Logistic Regression model
2026-01-30 11:12:22,856 - src.model_trainer - INFO - Training logistic_regression model on 164352 samples
2026-01-30 11:12:23,808 - src.model_trainer - INFO - Model training complete
2026-01-30 11:12:23,820 - src.model_trainer - INFO - Training accuracy: 0.8464
2026-01-30 11:12:23,821 - src.model_trainer - INFO - Performing 5-fold cross-validation
2026-01-30 11:12:24,325 - src.model_trainer - INFO - CV Accuracy: 0.8464 (+/- 0.0014)
2026-01-30 11:12:24,413 - src.model_trainer - INFO - Saving model to /home/abel/Desktop/fraud-detection/fraud-detection-for-e-commerce-and-bank-transactions/models/logistic_regression_fraud_model.joblib
2026-01-30 11:12:24,415 - src.model_trainer - INFO - Model saved successfully
2026-01-30 11:13:16,298 - src.model_trainer - INFO - Initialized Random Forest model
2026-01-30 11:13:16,298 - src.model_trainer - INFO - Loading model from /home/abel/Desktop/fraud-detection/fraud-detection-for-e-commerce-and-bank-transactions/models/random_forest_fraud_model.joblib
2026-01-30 11:13:16,317 - src.model_trainer - INFO - Model loaded successfully: random_forest
2026-01-30 11:14:48,255 - src.model_trainer - INFO - Initialized Random Forest model
2026-01-30 11:14:48,256 - src.model_trainer - INFO - Loading model from /home/abel/Desktop/fraud-detection/fraud-detection-for-e-commerce-and-bank-transactions/models/random_forest_fraud_model.joblib
2026-01-30 11:14:48,277 - src.model_trainer - INFO - Model loaded successfully: random_forest
2026-01-30 11:14:54,746 - src.model_trainer - INFO - Initialized Random Forest model
2026-01-30 11:14:54,746 - src.model_trainer - INFO - Loading model from /home/abel/Desktop/fraud-detection/fraud-detection-for-e-commerce-and-bank-transactions/models/random_forest_fraud_model.joblib
2026-01-30 11:14:54,765 - src.model_trainer - INFO - Model loaded successfully: random_forest
2026-01-30 11:15:27,731 - src.model_trainer - INFO - Initialized Random Forest model
2026-01-30 11:15:27,731 - src.model_trainer - INFO - Loading model from /home/abel/Desktop/fraud-detection/fraud-detection-for-e-commerce-and-bank-transactions/models/random_forest_fraud_model.joblib
2026-01-30 11:15:27,751 - src.model_trainer - INFO - Model loaded successfully: random_forest
2026-01-30 11:23:35,341 - src.model_trainer - INFO - Initialized Random Forest model
2026-01-30 11:23:35,341 - src.model_trainer - INFO - Loading model from /home/abel/Desktop/fraud-detection/fraud-detection-for-e-commerce-and-bank-transactions/models/random_forest_fraud_model.joblib
2026-01-30 11:23:35,361 - src.model_trainer - INFO - Model loaded successfully: random_forest
2026-01-30 11:27:43,913 - src.model_trainer - INFO - Initialized Random Forest model
2026-01-30 11:27:43,913 - src.model_trainer - INFO - Loading model from /home/abel/Desktop/fraud-detection/fraud-detection-for-e-commerce-and-bank-transactions/models/random_forest_fraud_model.joblib
2026-01-30 11:27:43,931 - src.model_trainer - INFO - Model loaded successfully: random_forest
2026-01-30 11:27:57,836 - src.model_trainer - INFO - Initialized Random Forest model
2026-01-30 11:27:57,836 - src.model_trainer - INFO - Loading model from /home/abel/Desktop/fraud-detection/fraud-detection-for-e-commerce-and-bank-transactions/models/random_forest_fraud_model.joblib
2026-01-30 11:27:57,856 - src.model_trainer - INFO - Model loaded successfully: random_forest
2026-01-30 11:28:04,876 - src.model_trainer - INFO - Initialized Random Forest model
2026-01-30 11:28:04,876 - src.model_trainer - INFO - Loading model from /home/abel/Desktop/fraud-detection/fraud-detection-for-e-commerce-and-bank-transactions/models/random_forest_fraud_model.joblib
2026-01-30 11:28:04,896 - src.model_trainer - INFO - Model loaded successfully: random_forest
2026-01-30 11:29:00,719 - src.model_trainer - INFO - Initialized Random Forest model
2026-01-30 11:29:00,719 - src.model_trainer - INFO - Loading model from /home/abel/Desktop/fraud-detection/fraud-detection-for-e-commerce-and-bank-transactions/models/random_forest_fraud_model.joblib
2026-01-30 11:29:00,738 - src.model_trainer - INFO - Model loaded successfully: random_forest
2026-01-30 11:29:11,266 - src.model_trainer - INFO - Initialized Random Forest model
2026-01-30 11:29:11,266 - src.model_trainer - INFO - Loading model from /home/abel/Desktop/fraud-detection/fraud-detection-for-e-commerce-and-bank-transactions/models/logistic_regression_fraud_model.joblib
2026-01-30 11:29:11,267 - src.model_trainer - INFO - Model loaded successfully: logistic_regression
2026-01-30 11:30:54,009 - src.model_trainer - INFO - Initialized Random Forest model
2026-01-30 11:30:54,010 - src.model_trainer - INFO - Training random_forest model on 164352 samples
2026-01-30 11:30:56,149 - src.model_trainer - INFO - Model training complete
2026-01-30 11:30:56,254 - src.model_trainer - INFO - Training accuracy: 0.8831
2026-01-30 11:30:56,254 - src.model_trainer - INFO - Performing 5-fold cross-validation
2026-01-30 11:31:05,637 - src.model_trainer - INFO - CV Accuracy: 0.8831 (+/- 0.0183)
2026-01-30 11:31:05,779 - src.model_trainer - INFO - Saving model to /home/abel/Desktop/fraud-detection/fraud-detection-for-e-commerce-and-bank-transactions/models/random_forest_fraud_model.joblib
2026-01-30 11:31:05,817 - src.model_trainer - INFO - Model saved successfully
2026-01-30 11:31:31,752 - src.model_trainer - INFO - Initialized Random Forest model
2026-01-30 11:31:31,753 - src.model_trainer - INFO - Loading model from /home/abel/Desktop/fraud-detection/fraud-detection-for-e-commerce-and-bank-transactions/models/random_forest_fraud_model.joblib
2026-01-30 11:31:31,772 - src.model_trainer - INFO - Model loaded successfully: random_forest
2026-01-30 11:34:52,635 - src.model_trainer - INFO - Initialized Random Forest model
2026-01-30 11:34:52,635 - src.model_trainer - INFO - Training random_forest model on 164352 samples
2026-01-30 11:34:54,862 - src.model_trainer - INFO - Model training complete
2026-01-30 11:34:54,960 - src.model_trainer - INFO - Training accuracy: 0.8831
2026-01-30 11:34:54,960 - src.model_trainer - INFO - Performing 5-fold cross-validation
2026-01-30 11:35:04,520 - src.model_trainer - INFO - CV Accuracy: 0.8831 (+/- 0.0183)
2026-01-30 11:35:04,604 - src.model_trainer - INFO - Saving model to /home/abel/Desktop/fraud-detection/fraud-detection-for-e-commerce-and-bank-transactions/models/random_forest_fraud_model.joblib
2026-01-30 11:35:04,660 - src.model_trainer - INFO - Model saved successfully
2026-01-30 11:35:04,661 - src.model_trainer - INFO - Initialized Logistic Regression model
2026-01-30 11:35:04,661 - src.model_trainer - INFO - Training logistic_regression model on 164352 samples
2026-01-30 11:35:05,706 - src.model_trainer - INFO - Model training complete
2026-01-30 11:35:05,715 - src.model_trainer - INFO - Training accuracy: 0.8464
2026-01-30 11:35:05,715 - src.model_trainer - INFO - Performing 5-fold cross-validation
2026-01-30 11:35:07,251 - src.model_trainer - INFO - CV Accuracy: 0.8464 (+/- 0.0014)
2026-01-30 11:35:07,380 - src.model_trainer - INFO - Saving model to /home/abel/Desktop/fraud-detection/fraud-detection-for-e-commerce-and-bank-transactions/models/logistic_regression_fraud_model.joblib
2026-01-30 11:35:07,381 - src.model_trainer - INFO - Model saved successfully
2026-01-30 11:38:30,641 - src.model_trainer - INFO - Initialized Random Forest model
2026-01-30 11:38:30,641 - src.model_trainer - INFO - Training random_forest model on 164352 samples
2026-01-30 11:38:32,807 - src.model_trainer - INFO - Model training complete
2026-01-30 11:38:32,907 - src.model_trainer - INFO - Training accuracy: 0.8831
2026-01-30 11:38:32,907 - src.model_trainer - INFO - Performing 5-fold cross-validation
2026-01-30 11:38:42,377 - src.model_trainer - INFO - CV Accuracy: 0.8831 (+/- 0.0183)
2026-01-30 11:38:42,510 - src.model_trainer - INFO - Saving model to /home/abel/Desktop/fraud-detection/fraud-detection-for-e-commerce-and-bank-transactions/models/random_forest_fraud_model.joblib
2026-01-30 11:38:42,555 - src.model_trainer - INFO - Model saved successfully
2026-01-30 11:38:42,555 - src.model_trainer - INFO - Initialized Logistic Regression model
2026-01-30 11:38:42,556 - src.model_trainer - INFO - Training logistic_regression model on 164352 samples
2026-01-30 11:38:43,523 - src.model_trainer - INFO - Model training complete
2026-01-30 11:38:43,533 - src.model_trainer - INFO - Training accuracy: 0.8464
2026-01-30 11:38:43,533 - src.model_trainer - INFO - Performing 5-fold cross-validation
2026-01-30 11:38:44,941 - src.model_trainer - INFO - CV Accuracy: 0.8464 (+/- 0.0014)
2026-01-30 11:38:44,991 - src.model_trainer - INFO - Saving model to /home/abel/Desktop/fraud-detection/fraud-detection-for-e-commerce-and-bank-transactions/models/logistic_regression_fraud_model.joblib
2026-01-30 11:38:44,993 - src.model_trainer - INFO - Model saved successfully
2026-01-30 11:38:55,082 - src.model_trainer - INFO - Initialized Random Forest model
2026-01-30 11:38:55,082 - src.model_trainer - INFO - Loading model from /home/abel/Desktop/fraud-detection/fraud-detection-for-e-commerce-and-bank-transactions/models/random_forest_fraud_model.joblib
2026-01-30 11:38:55,101 - src.model_trainer - INFO - Model loaded successfully: random_forest
2026-01-30 11:43:15,247 - src.model_trainer - INFO - Initialized Random Forest model
2026-01-30 11:43:15,247 - src.model_trainer - INFO - Loading model from /home/abel/Desktop/fraud-detection/fraud-detection-for-e-commerce-and-bank-transactions/models/random_forest_fraud_model.joblib
2026-01-30 11:43:15,265 - src.model_trainer - INFO - Model loaded successfully: random_forest
2026-01-30 11:43:35,806 - src.model_trainer - INFO - Initialized Random Forest model
2026-01-30 11:43:35,806 - src.model_trainer - INFO - Loading model from /home/abel/Desktop/fraud-detection/fraud-detection-for-e-commerce-and-bank-transactions/models/random_forest_fraud_model.joblib
2026-01-30 11:43:35,825 - src.model_trainer - INFO - Model loaded successfully: random_forest
2026-01-30 11:44:33,001 - src.model_trainer - INFO - Initialized Random Forest model
2026-01-30 11:44:33,001 - src.model_trainer - INFO - Loading model from /home/abel/Desktop/fraud-detection/fraud-detection-for-e-commerce-and-bank-transactions/models/random_forest_fraud_model.joblib
2026-01-30 11:44:33,018 - src.model_trainer - INFO - Model loaded successfully: random_forest
2026-01-30 11:44:34,922 - src.model_trainer - INFO - Initialized Random Forest model
2026-01-30 11:44:34,922 - src.model_trainer - INFO - Loading model from /home/abel/Desktop/fraud-detection/fraud-detection-for-e-commerce-and-bank-transactions/models/random_forest_fraud_model.joblib
2026-01-30 11:44:34,940 - src.model_trainer - INFO - Model loaded successfully: random_forest
2026-01-30 11:44:38,941 - src.model_trainer - INFO - Initialized Random Forest model
2026-01-30 11:44:38,941 - src.model_trainer - INFO - Loading model from /home/abel/Desktop/fraud-detection/fraud-detection-for-e-commerce-and-bank-transactions/models/random_forest_fraud_model.joblib
2026-01-30 11:44:38,958 - src.model_trainer - INFO - Model loaded successfully: random_forest
2026-01-30 11:44:46,058 - src.model_trainer - INFO - Initialized Random Forest model
2026-01-30 11:44:46,058 - src.model_trainer - INFO - Loading model from /home/abel/Desktop/fraud-detection/fraud-detection-for-e-commerce-and-bank-transactions/models/random_forest_fraud_model.joblib
2026-01-30 11:44:46,077 - src.model_trainer - INFO - Model loaded successfully: random_forest
2026-01-30 11:46:02,796 - src.model_trainer - INFO - Initialized Random Forest model
2026-01-30 11:46:02,797 - src.model_trainer - INFO - Loading model from /home/abel/Desktop/fraud-detection/fraud-detection-for-e-commerce-and-bank-transactions/models/random_forest_fraud_model.joblib
2026-01-30 11:46:02,815 - src.model_trainer - INFO - Model loaded successfully: random_forest
2026-01-30 11:46:14,167 - src.model_trainer - INFO - Initialized Random Forest model
2026-01-30 11:46:14,167 - src.model_trainer - INFO - Loading model from /home/abel/Desktop/fraud-detection/fraud-detection-for-e-commerce-and-bank-transactions/models/random_forest_fraud_model.joblib
2026-01-30 11:46:14,185 - src.model_trainer - INFO - Model loaded successfully: random_forest
2026-01-30 11:46:21,074 - src.model_trainer - INFO - Initialized Random Forest model
2026-01-30 11:46:21,074 - src.model_trainer - INFO - Loading model from /home/abel/Desktop/fraud-detection/fraud-detection-for-e-commerce-and-bank-transactions/models/random_forest_fraud_model.joblib
2026-01-30 11:46:21,093 - src.model_trainer - INFO - Model loaded successfully: random_forest
2026-01-30 11:46:28,721 - src.model_trainer - INFO - Initialized Random Forest model
2026-01-30 11:46:28,721 - src.model_trainer - INFO - Loading model from /home/abel/Desktop/fraud-detection/fraud-detection-for-e-commerce-and-bank-transactions/models/random_forest_fraud_model.joblib
2026-01-30 11:46:28,740 - src.model_trainer - INFO - Model loaded successfully: random_forest
2026-01-30 11:48:08,998 - src.model_trainer - INFO - Initialized Random Forest model
2026-01-30 11:48:08,998 - src.model_trainer - INFO - Loading model from /home/abel/Desktop/fraud-detection/fraud-detection-for-e-commerce-and-bank-transactions/models/random_forest_fraud_model.joblib
2026-01-30 11:48:09,015 - src.model_trainer - INFO - Model loaded successfully: random_forest
2026-01-30 11:52:33,275 - src.model_trainer - INFO - Initialized Random Forest model
2026-01-30 11:52:33,275 - src.model_trainer - INFO - Loading model from /home/abel/Desktop/fraud-detection/fraud-detection-for-e-commerce-and-bank-transactions/models/random_forest_fraud_model.joblib
2026-01-30 11:52:33,292 - src.model_trainer - INFO - Model loaded successfully: random_forest
2026-01-30 11:52:38,706 - src.model_trainer - INFO - Initialized Random Forest model
2026-01-30 11:52:38,706 - src.model_trainer - INFO - Loading model from /home/abel/Desktop/fraud-detection/fraud-detection-for-e-commerce-and-bank-transactions/models/random_forest_fraud_model.joblib
2026-01-30 11:52:38,723 - src.model_trainer - INFO - Model loaded successfully: random_forest
2026-01-30 11:53:19,563 - src.model_trainer - INFO - Initialized Random Forest model
2026-01-30 11:53:19,563 - src.model_trainer - INFO - Loading model from /home/abel/Desktop/fraud-detection/fraud-detection-for-e-commerce-and-bank-transactions/models/random_forest_fraud_model.joblib
2026-01-30 11:53:19,580 - src.model_trainer - INFO - Model loaded successfully: random_forest
2026-01-30 11:53:32,565 - src.model_trainer - INFO - Initialized Random Forest model
2026-01-30 11:53:32,565 - src.model_trainer - INFO - Loading model from /home/abel/Desktop/fraud-detection/fraud-detection-for-e-commerce-and-bank-transactions/models/random_forest_fraud_model.joblib
2026-01-30 11:53:32,582 - src.model_trainer - INFO - Model loaded successfully: random_forest
2026-01-30 11:53:40,399 - src.model_trainer - INFO - Initialized Random Forest model
2026-01-30 11:53:40,399 - src.model_trainer - INFO - Loading model from /home/abel/Desktop/fraud-detection/fraud-detection-for-e-commerce-and-bank-transactions/models/random_forest_fraud_model.joblib
2026-01-30 11:53:40,417 - src.model_trainer - INFO - Model loaded successfully: random_forest
2026-01-30 11:53:53,423 - src.model_trainer - INFO - Initialized Random Forest model
2026-01-30 11:53:53,423 - src.model_trainer - INFO - Loading model from /home/abel/Desktop/fraud-detection/fraud-detection-for-e-commerce-and-bank-transactions/models/random_forest_fraud_model.joblib
2026-01-30 11:53:53,441 - src.model_trainer - INFO - Model loaded successfully: random_forest
2026-01-30 11:54:01,870 - src.model_trainer - INFO - Initialized Random Forest model
2026-01-30 11:54:01,870 - src.model_trainer - INFO - Loading model from /home/abel/Desktop/fraud-detection/fraud-detection-for-e-commerce-and-bank-transactions/models/random_forest_fraud_model.joblib
2026-01-30 11:54:01,887 - src.model_trainer - INFO - Model loaded successfully: random_forest
2026-01-30 11:57:21,056 - src.model_trainer - INFO - Initialized Random Forest model
2026-01-30 11:57:21,056 - src.model_trainer - INFO - Loading model from /home/abel/Desktop/fraud-detection/fraud-detection-for-e-commerce-and-bank-transactions/models/random_forest_fraud_model.joblib
2026-01-30 11:57:21,073 - src.model_trainer - INFO - Model loaded successfully: random_forest
2026-01-30 11:57:28,489 - src.model_trainer - INFO - Initialized Random Forest model
2026-01-30 11:57:28,489 - src.model_trainer - INFO - Loading model from /home/abel/Desktop/fraud-detection/fraud-detection-for-e-commerce-and-bank-transactions/models/logistic_regression_fraud_model.joblib
2026-01-30 11:57:28,490 - src.model_trainer - INFO - Model loaded successfully: logistic_regression
2026-01-30 11:57:35,582 - src.model_trainer - INFO - Initialized Random Forest model
2026-01-30 11:57:35,582 - src.model_trainer - INFO - Loading model from /home/abel/Desktop/fraud-detection/fraud-detection-for-e-commerce-and-bank-transactions/models/logistic_regression_fraud_model.joblib
2026-01-30 11:57:35,582 - src.model_trainer - INFO - Model loaded successfully: logistic_regression
2026-01-30 11:58:14,976 - src.model_trainer - INFO - Initialized Random Forest model
2026-01-30 11:58:14,976 - src.model_trainer - INFO - Loading model from /home/abel/Desktop/fraud-detection/fraud-detection-for-e-commerce-and-bank-transactions/models/logistic_regression_fraud_model.joblib
2026-01-30 11:58:14,977 - src.model_trainer - INFO - Model loaded successfully: logistic_regression
2026-01-30 11:58:40,206 - src.model_trainer - INFO - Initialized Random Forest model
2026-01-30 11:58:40,206 - src.model_trainer - INFO - Loading model from /home/abel/Desktop/fraud-detection/fraud-detection-for-e-commerce-and-bank-transactions/models/logistic_regression_fraud_model.joblib
2026-01-30 11:58:40,207 - src.model_trainer - INFO - Model loaded successfully: logistic_regression
2026-01-30 11:58:50,038 - src.model_trainer - INFO - Initialized Random Forest model
2026-01-30 11:58:50,038 - src.model_trainer - INFO - Loading model from /home/abel/Desktop/fraud-detection/fraud-detection-for-e-commerce-and-bank-transactions/models/logistic_regression_fraud_model.joblib
2026-01-30 11:58:50,039 - src.model_trainer - INFO - Model loaded successfully: logistic_regression
2026-01-30 11:59:02,704 - src.model_trainer - INFO - Initialized Random Forest model
2026-01-30 11:59:02,704 - src.model_trainer - INFO - Loading model from /home/abel/Desktop/fraud-detection/fraud-detection-for-e-commerce-and-bank-transactions/models/logistic_regression_fraud_model.joblib
2026-01-30 11:59:02,705 - src.model_trainer - INFO - Model loaded successfully: logistic_regression
2026-01-30 11:59:08,786 - src.model_trainer - INFO - Initialized Random Forest model
2026-01-30 11:59:08,787 - src.model_trainer - INFO - Loading model from /home/abel/Desktop/fraud-detection/fraud-detection-for-e-commerce-and-bank-transactions/models/logistic_regression_fraud_model.joblib
2026-01-30 11:59:08,787 - src.model_trainer - INFO - Model loaded successfully: logistic_regression
2026-01-30 11:59:16,137 - src.model_trainer - INFO - Initialized Random Forest model
2026-01-30 11:59:16,137 - src.model_trainer - INFO - Loading model from /home/abel/Desktop/fraud-detection/fraud-detection-for-e-commerce-and-bank-transactions/models/logistic_regression_fraud_model.joblib
2026-01-30 11:59:16,137 - src.model_trainer - INFO - Model loaded successfully: logistic_regression
2026-01-30 12:01:53,983 - src.model_trainer - INFO - Initialized Logistic Regression model
2026-01-30 12:01:53,983 - src.model_trainer - INFO - Training logistic_regression model on 164352 samples
2026-01-30 12:01:55,177 - src.model_trainer - INFO - Model training complete
2026-01-30 12:01:55,190 - src.model_trainer - INFO - Training accuracy: 0.8464
2026-01-30 12:01:55,194 - src.model_trainer - INFO - Performing 5-fold cross-validation
2026-01-30 12:01:56,493 - src.model_trainer - INFO - CV Accuracy: 0.8464 (+/- 0.0014)
2026-01-30 12:01:56,535 - src.model_trainer - INFO - Initialized Random Forest model
2026-01-30 12:01:56,536 - src.model_trainer - INFO - Training random_forest model on 164352 samples
2026-01-30 12:01:58,700 - src.model_trainer - INFO - Model training complete
2026-01-30 12:01:58,819 - src.model_trainer - INFO - Training accuracy: 0.8831
2026-01-30 12:01:58,820 - src.model_trainer - INFO - Performing 5-fold cross-validation
2026-01-30 12:02:08,416 - src.model_trainer - INFO - CV Accuracy: 0.8831 (+/- 0.0183)
2026-01-30 12:02:08,492 - src.model_trainer - INFO - Initialized XGBoost model
2026-01-30 12:02:08,493 - src.model_trainer - INFO - Training xgboost model on 164352 samples
2026-01-30 12:02:09,108 - src.model_trainer - INFO - Model training complete
2026-01-30 12:02:09,154 - src.model_trainer - INFO - Training accuracy: 0.9530
2026-01-30 12:02:09,154 - src.model_trainer - INFO - Performing 5-fold cross-validation
2026-01-30 12:02:11,949 - src.model_trainer - INFO - CV Accuracy: 0.9550 (+/- 0.0543)
2026-01-30 12:07:39,077 - src.model_trainer - INFO - Saving model to /home/abel/Desktop/fraud-detection/fraud-detection-for-e-commerce-and-bank-transactions/models/random_forest_fraud_model.joblib
2026-01-30 12:07:39,110 - src.model_trainer - INFO - Model saved successfully
2026-01-30 12:28:31,335 - src.model_trainer - INFO - Initialized Random Forest model
2026-01-30 12:28:31,336 - src.model_trainer - INFO - Training random_forest model on 341176 samples
2026-01-30 12:28:44,463 - src.model_trainer - INFO - Model training complete
2026-01-30 12:28:44,749 - src.model_trainer - INFO - Training accuracy: 1.0000
2026-01-30 12:28:44,749 - src.model_trainer - INFO - Performing 5-fold cross-validation
2026-01-30 12:29:55,862 - src.model_trainer - INFO - CV Accuracy: 1.0000 (+/- 0.0000)
2026-01-30 12:29:56,004 - src.model_trainer - INFO - Saving model to /home/abel/Desktop/fraud-detection/fraud-detection-for-e-commerce-and-bank-transactions/models/random_forest_creditcard_model.joblib
2026-01-30 12:29:56,061 - src.model_trainer - INFO - Model saved successfully
2026-01-30 12:29:56,062 - src.model_trainer - INFO - Initialized XGBoost model
2026-01-30 12:29:56,063 - src.model_trainer - INFO - Training xgboost model on 341176 samples
2026-01-30 12:29:57,665 - src.model_trainer - INFO - Model training complete
2026-01-30 12:29:57,729 - src.model_trainer - INFO - Training accuracy: 1.0000
2026-01-30 12:29:57,729 - src.model_trainer - INFO - Performing 5-fold cross-validation
2026-01-30 12:30:05,070 - src.model_trainer - INFO - CV Accuracy: 1.0000 (+/- 0.0000)
2026-01-30 12:30:05,206 - src.model_trainer - INFO - Saving model to /home/abel/Desktop/fraud-detection/fraud-detection-for-e-commerce-and-bank-transactions/models/xgboost_creditcard_model.joblib
2026-01-30 12:30:05,209 - src.model_trainer - INFO - Model saved successfully
2026-01-30 12:39:04,861 - src.model_trainer - INFO - Initialized Random Forest model
2026-01-30 12:39:04,862 - src.model_trainer - INFO - Training random_forest model on 164352 samples
2026-01-30 12:39:07,368 - src.model_trainer - INFO - Model training complete
2026-01-30 12:39:07,557 - src.model_trainer - INFO - Training accuracy: 0.8831
2026-01-30 12:39:07,557 - src.model_trainer - INFO - Performing 5-fold cross-validation
2026-01-30 12:39:18,431 - src.model_trainer - INFO - CV Accuracy: 0.8831 (+/- 0.0183)
2026-01-30 12:39:18,659 - src.model_trainer - INFO - Saving model to /home/abel/Desktop/fraud-detection/fraud-detection-for-e-commerce-and-bank-transactions/models/random_forest_fraud_model.joblib
2026-01-30 12:39:18,732 - src.model_trainer - INFO - Model saved successfully
2026-01-30 12:39:18,733 - src.model_trainer - INFO - Initialized Logistic Regression model
2026-01-30 12:39:18,733 - src.model_trainer - INFO - Training logistic_regression model on 164352 samples
2026-01-30 12:39:20,193 - src.model_trainer - INFO - Model training complete
2026-01-30 12:39:20,213 - src.model_trainer - INFO - Training accuracy: 0.8464
2026-01-30 12:39:20,214 - src.model_trainer - INFO - Performing 5-fold cross-validation
2026-01-30 12:39:22,053 - src.model_trainer - INFO - CV Accuracy: 0.8464 (+/- 0.0014)
2026-01-30 12:39:22,205 - src.model_trainer - INFO - Saving model to /home/abel/Desktop/fraud-detection/fraud-detection-for-e-commerce-and-bank-transactions/models/logistic_regression_fraud_model.joblib
2026-01-30 12:39:22,207 - src.model_trainer - INFO - Model saved successfully
2026-01-30 12:39:51,513 - src.model_trainer - INFO - Initialized Random Forest model
2026-01-30 12:39:51,513 - src.model_trainer - INFO - Loading model from /home/abel/Desktop/fraud-detection/fraud-detection-for-e-commerce-and-bank-transactions/models/random_forest_fraud_model.joblib
2026-01-30 12:39:51,546 - src.model_trainer - INFO - Model loaded successfully: random_forest
2026-01-30 12:39:52,493 - src.model_trainer - INFO - Initialized Random Forest model
2026-01-30 12:39:52,493 - src.model_trainer - INFO - Loading model from /home/abel/Desktop/fraud-detection/fraud-detection-for-e-commerce-and-bank-transactions/models/random_forest_fraud_model.joblib
2026-01-30 12:39:52,522 - src.model_trainer - INFO - Model loaded successfully: random_forest
2026-01-30 12:41:53,138 - src.model_trainer - INFO - Initialized Random Forest model
2026-01-30 12:41:53,138 - src.model_trainer - INFO - Loading model from /home/abel/Desktop/fraud-detection/fraud-detection-for-e-commerce-and-bank-transactions/models/random_forest_fraud_model.joblib
2026-01-30 12:41:53,156 - src.model_trainer - INFO - Model loaded successfully: random_forest
2026-01-30 13:34:14,337 - src.model_trainer - INFO - Initialized Random Forest model
2026-01-30 13:34:14,338 - src.model_trainer - INFO - Loading model from /home/abel/Desktop/fraud-detection/fraud-detection-for-e-commerce-and-bank-transactions/models/random_forest_fraud_model.joblib
2026-01-30 13:34:14,357 - src.model_trainer - INFO - Model loaded successfully: random_forest
2026-01-30 13:34:36,638 - src.model_trainer - INFO - Initialized Random Forest model
2026-01-30 13:34:36,638 - src.model_trainer - INFO - Loading model from /home/abel/Desktop/fraud-detection/fraud-detection-for-e-commerce-and-bank-transactions/models/random_forest_fraud_model.joblib
2026-01-30 13:34:36,658 - src.model_trainer - INFO - Model loaded successfully: random_forest
2026-01-30 13:37:39,140 - src.model_trainer - INFO - Initialized Random Forest model
2026-01-30 13:37:39,140 - src.model_trainer - INFO - Loading model from /home/abel/Desktop/fraud-detection/fraud-detection-for-e-commerce-and-bank-transactions/models/random_forest_fraud_model.joblib
2026-01-30 13:37:39,171 - src.model_trainer - INFO - Model loaded successfully: random_forest
2026-01-30 13:37:48,139 - src.model_trainer - INFO - Initialized Random Forest model
2026-01-30 13:37:48,140 - src.model_trainer - INFO - Loading model from /home/abel/Desktop/fraud-detection/fraud-detection-for-e-commerce-and-bank-transactions/models/random_forest_fraud_model.joblib
2026-01-30 13:37:48,170 - src.model_trainer - INFO - Model loaded successfully: random_forest
2026-01-30 13:37:54,848 - src.model_trainer - INFO - Initialized Random Forest model
2026-01-30 13:37:54,848 - src.model_trainer - INFO - Loading model from /home/abel/Desktop/fraud-detection/fraud-detection-for-e-commerce-and-bank-transactions/models/random_forest_fraud_model.joblib
2026-01-30 13:37:54,879 - src.model_trainer - INFO - Model loaded successfully: random_forest
2026-01-30 13:38:00,938 - src.model_trainer - INFO - Initialized Random Forest model
2026-01-30 13:38:00,938 - src.model_trainer - INFO - Loading model from /home/abel/Desktop/fraud-detection/fraud-detection-for-e-commerce-and-bank-transactions/models/random_forest_fraud_model.joblib
2026-01-30 13:38:00,966 - src.model_trainer - INFO - Model loaded successfully: random_forest
2026-01-30 13:38:01,815 - src.model_trainer - INFO - Initialized Random Forest model
2026-01-30 13:38:01,815 - src.model_trainer - INFO - Loading model from /home/abel/Desktop/fraud-detection/fraud-detection-for-e-commerce-and-bank-transactions/models/random_forest_fraud_model.joblib
2026-01-30 13:38:01,845 - src.model_trainer - INFO - Model loaded successfully: random_forest
2026-01-30 13:42:57,208 - src.model_trainer - INFO - Initialized Logistic Regression model
2026-01-30 13:42:57,209 - src.model_trainer - INFO - Training logistic_regression model on 341176 samples
2026-01-30 13:43:01,608 - src.model_trainer - INFO - Model training complete
2026-01-30 13:43:01,676 - src.model_trainer - INFO - Training accuracy: 0.9629
2026-01-30 13:43:01,681 - src.model_trainer - INFO - Performing 5-fold cross-validation
2026-01-30 13:43:30,714 - src.model_trainer - INFO - CV Accuracy: 0.9627 (+/- 0.0004)
2026-01-30 13:43:30,716 - src.model_trainer - INFO - Initialized Random Forest model
2026-01-30 13:43:30,717 - src.model_trainer - INFO - Training random_forest model on 341176 samples
2026-01-30 13:43:43,182 - src.model_trainer - INFO - Initialized Random Forest model
2026-01-30 13:43:43,183 - src.model_trainer - INFO - Loading model from /home/abel/Desktop/fraud-detection/fraud-detection-for-e-commerce-and-bank-transactions/models/random_forest_fraud_model.joblib
2026-01-30 13:43:43,264 - src.model_trainer - INFO - Model loaded successfully: random_forest
2026-01-30 13:44:01,289 - src.model_trainer - INFO - Model training complete
2026-01-30 13:44:01,650 - src.model_trainer - INFO - Training accuracy: 0.9951
2026-01-30 13:44:01,652 - src.model_trainer - INFO - Performing 5-fold cross-validation
2026-01-30 13:44:04,717 - src.model_trainer - INFO - Initialized Random Forest model
2026-01-30 13:44:04,718 - src.model_trainer - INFO - Loading model from /home/abel/Desktop/fraud-detection/fraud-detection-for-e-commerce-and-bank-transactions/models/random_forest_fraud_model.joblib
2026-01-30 13:44:05,073 - src.model_trainer - INFO - Model loaded successfully: random_forest
2026-01-30 13:45:57,659 - src.model_trainer - INFO - CV Accuracy: 0.9945 (+/- 0.0001)
2026-01-30 13:45:57,661 - src.model_trainer - INFO - Initialized XGBoost model
2026-01-30 13:45:57,664 - src.model_trainer - INFO - Training xgboost model on 341176 samples
2026-01-30 13:46:09,472 - src.model_trainer - INFO - Model training complete
2026-01-30 13:46:09,595 - src.model_trainer - INFO - Training accuracy: 0.9994
2026-01-30 13:46:09,596 - src.model_trainer - INFO - Performing 5-fold cross-validation
2026-01-30 13:46:18,612 - src.model_trainer - INFO - CV Accuracy: 0.9990 (+/- 0.0001)
2026-01-30 13:49:22,698 - src.model_trainer - INFO - Initialized Random Forest model
2026-01-30 13:49:22,699 - src.model_trainer - INFO - Loading model from /home/abel/Desktop/fraud-detection/fraud-detection-for-e-commerce-and-bank-transactions/models/logistic_regression_fraud_model.joblib
2026-01-30 13:49:22,700 - src.model_trainer - INFO - Model loaded successfully: logistic_regression
2026-01-30 13:58:08,851 - src.model_trainer - INFO - Initialized Random Forest model
2026-01-30 13:58:08,851 - src.model_trainer - INFO - Loading model from /home/abel/Desktop/fraud-detection/fraud-detection-for-e-commerce-and-bank-transactions/models/random_forest_fraud_model.joblib
2026-01-30 13:58:08,881 - src.model_trainer - INFO - Model loaded successfully: random_forest
2026-01-30 14:06:16,606 - src.model_trainer - INFO - Initialized Random Forest model
2026-01-30 14:06:16,607 - src.model_trainer - INFO - Training random_forest model on 164352 samples
2026-01-30 14:06:19,130 - src.model_trainer - INFO - Model training complete
2026-01-30 14:06:19,307 - src.model_trainer - INFO - Training accuracy: 0.8831
2026-01-30 14:06:19,307 - src.model_trainer - INFO - Performing 5-fold cross-validation
2026-01-30 14:06:30,288 - src.model_trainer - INFO - CV Accuracy: 0.8831 (+/- 0.0183)
2026-01-30 14:06:30,423 - src.model_trainer - INFO - Saving model to /home/abel/Desktop/fraud-detection/fraud-detection-for-e-commerce-and-bank-transactions/models/random_forest_fraud_model.joblib
2026-01-30 14:06:30,495 - src.model_trainer - INFO - Model saved successfully
2026-01-30 14:07:03,183 - src.model_trainer - INFO - Initialized Random Forest model
2026-01-30 14:07:03,183 - src.model_trainer - INFO - Loading model from /home/abel/Desktop/fraud-detection/fraud-detection-for-e-commerce-and-bank-transactions/models/random_forest_fraud_model.joblib
2026-01-30 14:07:03,211 - src.model_trainer - INFO - Model loaded successfully: random_forest
2026-01-30 14:07:52,384 - src.model_trainer - INFO - Initialized Random Forest model
2026-01-30 14:07:52,384 - src.model_trainer - INFO - Training random_forest model on 164352 samples
2026-01-30 14:07:54,870 - src.model_trainer - INFO - Model training complete
2026-01-30 14:07:55,021 - src.model_trainer - INFO - Training accuracy: 0.8831
2026-01-30 14:07:55,022 - src.model_trainer - INFO - Performing 5-fold cross-validation
2026-01-30 14:08:05,841 - src.model_trainer - INFO - CV Accuracy: 0.8831 (+/- 0.0183)
2026-01-30 14:08:06,009 - src.model_trainer - INFO - Saving model to /home/abel/Desktop/fraud-detection/fraud-detection-for-e-commerce-and-bank-transactions/models/random_forest_fraud_model.joblib
2026-01-30 14:08:06,278 - src.model_trainer - INFO - Model saved successfully
2026-01-30 14:15:06,357 - src.model_trainer - INFO - Initialized Logistic Regression model
2026-01-30 14:15:06,358 - src.model_trainer - INFO - Training logistic_regression model on 164352 samples
2026-01-30 14:15:07,965 - src.model_trainer - INFO - Model training complete
2026-01-30 14:15:08,007 - src.model_trainer - INFO - Training accuracy: 0.8464
2026-01-30 14:15:08,007 - src.model_trainer - INFO - Performing 5-fold cross-validation
2026-01-30 14:15:09,741 - src.model_trainer - INFO - CV Accuracy: 0.8464 (+/- 0.0014)
2026-01-30 14:15:09,863 - src.model_trainer - INFO - Saving model to /home/abel/Desktop/fraud-detection/fraud-detection-for-e-commerce-and-bank-transactions/models/logistic_regression_fraud_model.joblib
2026-01-30 14:15:09,871 - src.model_trainer - INFO - Model saved successfully
2026-01-30 14:15:37,487 - src.model_trainer - INFO - Initialized Random Forest model
2026-01-30 14:15:37,487 - src.model_trainer - INFO - Training random_forest model on 164352 samples
2026-01-30 14:15:39,978 - src.model_trainer - INFO - Model training complete
2026-01-30 14:15:40,124 - src.model_trainer - INFO - Training accuracy: 0.8831
2026-01-30 14:15:40,125 - src.model_trainer - INFO - Performing 5-fold cross-validation
2026-01-30 14:15:52,137 - src.model_trainer - INFO - CV Accuracy: 0.8831 (+/- 0.0183)
2026-01-30 14:15:52,271 - src.model_trainer - INFO - Saving model to /home/abel/Desktop/fraud-detection/fraud-detection-for-e-commerce-and-bank-transactions/models/random_forest_fraud_model.joblib
2026-01-30 14:15:52,372 - src.model_trainer - INFO - Model saved successfully
2026-01-30 14:16:10,344 - src.model_trainer - INFO - Initialized Random Forest model
2026-01-30 14:16:10,345 - src.model_trainer - INFO - Training random_forest model on 164352 samples
2026-01-30 14:16:12,708 - src.model_trainer - INFO - Model training complete
2026-01-30 14:16:12,880 - src.model_trainer - INFO - Training accuracy: 0.8831
2026-01-30 14:16:12,881 - src.model_trainer - INFO - Performing 5-fold cross-validation
2026-01-30 14:16:23,496 - src.model_trainer - INFO - CV Accuracy: 0.8831 (+/- 0.0183)
2026-01-30 14:16:23,629 - src.model_trainer - INFO - Saving model to /home/abel/Desktop/fraud-detection/fraud-detection-for-e-commerce-and-bank-transactions/models/random_forest_fraud_model.joblib
2026-01-30 14:16:23,710 - src.model_trainer - INFO - Model saved successfully
2026-01-30 14:17:27,803 - src.model_trainer - INFO - Initialized Random Forest model
2026-01-30 14:17:27,803 - src.model_trainer - INFO - Loading model from /home/abel/Desktop/fraud-detection/fraud-detection-for-e-commerce-and-bank-transactions/models/logistic_regression_fraud_model.joblib
2026-01-30 14:17:27,804 - src.model_trainer - INFO - Model loaded successfully: logistic_regression
2026-01-30 14:17:42,100 - src.model_trainer - INFO - Initialized Random Forest model
2026-01-30 14:17:42,101 - src.model_trainer - INFO - Loading model from /home/abel/Desktop/fraud-detection/fraud-detection-for-e-commerce-and-bank-transactions/models/logistic_regression_fraud_model.joblib
2026-01-30 14:17:42,102 - src.model_trainer - INFO - Model loaded successfully: logistic_regression
2026-01-30 14:17:44,106 - src.model_trainer - INFO - Initialized Random Forest model
2026-01-30 14:17:44,107 - src.model_trainer - INFO - Loading model from /home/abel/Desktop/fraud-detection/fraud-detection-for-e-commerce-and-bank-transactions/models/logistic_regression_fraud_model.joblib
2026-01-30 14:17:44,109 - src.model_trainer - INFO - Model loaded successfully: logistic_regression
2026-01-30 14:17:45,869 - src.model_trainer - INFO - Initialized Random Forest model
2026-01-30 14:17:45,869 - src.model_trainer - INFO - Loading model from /home/abel/Desktop/fraud-detection/fraud-detection-for-e-commerce-and-bank-transactions/models/logistic_regression_fraud_model.joblib
2026-01-30 14:17:45,870 - src.model_trainer - INFO - Model loaded successfully: logistic_regression
2026-01-30 14:17:46,648 - src.model_trainer - INFO - Initialized Random Forest model
2026-01-30 14:17:46,648 - src.model_trainer - INFO - Loading model from /home/abel/Desktop/fraud-detection/fraud-detection-for-e-commerce-and-bank-transactions/models/logistic_regression_fraud_model.joblib
2026-01-30 14:17:46,650 - src.model_trainer - INFO - Model loaded successfully: logistic_regression
2026-01-30 14:17:47,443 - src.model_trainer - INFO - Initialized Random Forest model
2026-01-30 14:17:47,443 - src.model_trainer - INFO - Loading model from /home/abel/Desktop/fraud-detection/fraud-detection-for-e-commerce-and-bank-transactions/models/logistic_regression_fraud_model.joblib
2026-01-30 14:17:47,444 - src.model_trainer - INFO - Model loaded successfully: logistic_regression
2026-01-30 14:17:54,408 - src.model_trainer - INFO - Initialized Random Forest model
2026-01-30 14:17:54,409 - src.model_trainer - INFO - Loading model from /home/abel/Desktop/fraud-detection/fraud-detection-for-e-commerce-and-bank-transactions/models/random_forest_fraud_model.joblib
2026-01-30 14:17:54,436 - src.model_trainer - INFO - Model loaded successfully: random_forest
2026-01-30 14:18:19,728 - src.model_trainer - INFO - Initialized Random Forest model
2026-01-30 14:18:19,728 - src.model_trainer - INFO - Loading model from /home/abel/Desktop/fraud-detection/fraud-detection-for-e-commerce-and-bank-transactions/models/random_forest_fraud_model.joblib
2026-01-30 14:18:19,758 - src.model_trainer - INFO - Model loaded successfully: random_forest
2026-01-30 14:18:33,508 - src.model_trainer - INFO - Initialized Random Forest model
2026-01-30 14:18:33,508 - src.model_trainer - INFO - Loading model from /home/abel/Desktop/fraud-detection/fraud-detection-for-e-commerce-and-bank-transactions/models/random_forest_fraud_model.joblib
2026-01-30 14:18:33,535 - src.model_trainer - INFO - Model loaded successfully: random_forest
2026-01-30 14:18:41,964 - src.model_trainer - INFO - Initialized Random Forest model
2026-01-30 14:18:41,964 - src.model_trainer - INFO - Loading model from /home/abel/Desktop/fraud-detection/fraud-detection-for-e-commerce-and-bank-transactions/models/random_forest_fraud_model.joblib
2026-01-30 14:18:41,995 - src.model_trainer - INFO - Model loaded successfully: random_forest
2026-01-30 14:18:54,218 - src.model_trainer - INFO - Initialized Random Forest model
2026-01-30 14:18:54,218 - src.model_trainer - INFO - Loading model from /home/abel/Desktop/fraud-detection/fraud-detection-for-e-commerce-and-bank-transactions/models/random_forest_fraud_model.joblib
2026-01-30 14:18:54,247 - src.model_trainer - INFO - Model loaded successfully: random_forest
2026-01-30 14:19:07,986 - src.model_trainer - INFO - Initialized Random Forest model
2026-01-30 14:19:07,986 - src.model_trainer - INFO - Loading model from /home/abel/Desktop/fraud-detection/fraud-detection-for-e-commerce-and-bank-transactions/models/random_forest_fraud_model.joblib
2026-01-30 14:19:08,014 - src.model_trainer - INFO - Model loaded successfully: random_forest
2026-01-30 14:19:15,237 - src.model_trainer - INFO - Initialized Random Forest model
2026-01-30 14:19:15,238 - src.model_trainer - INFO - Loading model from /home/abel/Desktop/fraud-detection/fraud-detection-for-e-commerce-and-bank-transactions/models/random_forest_fraud_model.joblib
2026-01-30 14:19:15,266 - src.model_trainer - INFO - Model loaded successfully: random_forest
2026-01-30 14:19:20,835 - src.model_trainer - INFO - Initialized Random Forest model
2026-01-30 14:19:20,836 - src.model_trainer - INFO - Loading model from /home/abel/Desktop/fraud-detection/fraud-detection-for-e-commerce-and-bank-transactions/models/random_forest_fraud_model.joblib
2026-01-30 14:19:20,865 - src.model_trainer - INFO - Model loaded successfully: random_forest
2026-01-30 14:19:29,439 - src.model_trainer - INFO - Initialized Random Forest model
2026-01-30 14:19:29,439 - src.model_trainer - INFO - Loading model from /home/abel/Desktop/fraud-detection/fraud-detection-for-e-commerce-and-bank-transactions/models/random_forest_fraud_model.joblib
2026-01-30 14:19:29,467 - src.model_trainer - INFO - Model loaded successfully: random_forest
2026-01-30 14:19:36,717 - src.model_trainer - INFO - Initialized Random Forest model
2026-01-30 14:19:36,717 - src.model_trainer - INFO - Loading model from /home/abel/Desktop/fraud-detection/fraud-detection-for-e-commerce-and-bank-transactions/models/random_forest_fraud_model.joblib
2026-01-30 14:19:36,746 - src.model_trainer - INFO - Model loaded successfully: random_forest
2026-01-30 14:48:11,143 - src.model_trainer - INFO - Initialized Random Forest model
2026-01-30 14:48:11,143 - src.model_trainer - INFO - Loading model from /home/abel/Desktop/fraud-detection/fraud-detection-for-e-commerce-and-bank-transactions/models/random_forest_fraud_model.joblib
2026-01-30 14:48:11,162 - src.model_trainer - INFO - Model loaded successfully: random_forest
2026-01-30 14:48:46,892 - src.model_trainer - INFO - Initialized Random Forest model
2026-01-30 14:48:46,892 - src.model_trainer - INFO - Loading model from /home/abel/Desktop/fraud-detection/fraud-detection-for-e-commerce-and-bank-transactions/models/random_forest_fraud_model.joblib
2026-01-30 14:48:46,913 - src.model_trainer - INFO - Model loaded successfully: random_forest
2026-01-30 14:49:15,868 - src.model_trainer - INFO - Initialized Random Forest model
2026-01-30 14:49:15,868 - src.model_trainer - INFO - Loading model from /home/abel/Desktop/fraud-detection/fraud-detection-for-e-commerce-and-bank-transactions/models/random_forest_fraud_model.joblib
2026-01-30 14:49:15,887 - src.model_trainer - INFO - Model loaded successfully: random_forest
2026-01-30 15:01:50,230 - src.model_trainer - INFO - Initialized Random Forest model
2026-01-30 15:01:50,230 - src.model_trainer - INFO - Loading model from /home/abel/Desktop/fraud-detection/fraud-detection-for-e-commerce-and-bank-transactions/models/random_forest_fraud_model.joblib
2026-01-30 15:01:50,247 - src.model_trainer - INFO - Model loaded successfully: random_forest
2026-01-30 16:09:21,550 - src.model_trainer - INFO - Initialized Random Forest model
2026-01-30 16:09:21,550 - src.model_trainer - INFO - Loading model from /home/abel/Desktop/fraud-detection/fraud-detection-for-e-commerce-and-bank-transactions/models/random_forest_fraud_model.joblib
2026-01-30 16:09:21,568 - src.model_trainer - INFO - Model loaded successfully: random_forest
2026-01-30 16:31:42,608 - src.model_trainer - INFO - Initialized Logistic Regression model
2026-01-30 16:31:42,608 - src.model_trainer - INFO - Training logistic_regression model on 341176 samples
2026-01-30 16:31:45,803 - src.model_trainer - INFO - Model training complete
2026-01-30 16:31:45,865 - src.model_trainer - INFO - Training accuracy: 0.9629
2026-01-30 16:31:45,866 - src.model_trainer - INFO - Performing 5-fold cross-validation
2026-01-30 16:31:50,381 - src.model_trainer - INFO - CV Accuracy: 0.9627 (+/- 0.0004)
2026-01-30 16:31:50,382 - src.model_trainer - INFO - Initialized Random Forest model
2026-01-30 16:31:50,382 - src.model_trainer - INFO - Training random_forest model on 341176 samples
2026-01-30 16:32:09,492 - src.model_trainer - INFO - Model training complete
2026-01-30 16:32:09,855 - src.model_trainer - INFO - Training accuracy: 0.9951
2026-01-30 16:32:09,856 - src.model_trainer - INFO - Performing 5-fold cross-validation
2026-01-30 16:33:39,109 - src.model_trainer - INFO - CV Accuracy: 0.9945 (+/- 0.0001)
2026-01-30 16:33:39,110 - src.model_trainer - INFO - Initialized XGBoost model
2026-01-30 16:33:39,110 - src.model_trainer - INFO - Training xgboost model on 341176 samples
2026-01-30 16:33:41,892 - src.model_trainer - INFO - Model training complete
2026-01-30 16:33:41,997 - src.model_trainer - INFO - Training accuracy: 0.9994
2026-01-30 16:33:41,998 - src.model_trainer - INFO - Performing 5-fold cross-validation
2026-01-30 16:33:48,551 - src.model_trainer - INFO - CV Accuracy: 0.9990 (+/- 0.0001)
2026-01-30 16:47:14,693 - src.model_trainer - INFO - Initialized Logistic Regression model
2026-01-30 16:47:14,693 - src.model_trainer - INFO - Training logistic_regression model on 164352 samples
2026-01-30 16:47:15,759 - src.model_trainer - INFO - Model training complete
2026-01-30 16:47:15,778 - src.model_trainer - INFO - Training accuracy: 0.8479
2026-01-30 16:47:15,779 - src.model_trainer - INFO - Performing 5-fold cross-validation
2026-01-30 16:47:16,949 - src.model_trainer - INFO - CV Accuracy: 0.8479 (+/- 0.0009)
2026-01-30 16:47:16,950 - src.model_trainer - INFO - Initialized Random Forest model
2026-01-30 16:47:16,950 - src.model_trainer - INFO - Training random_forest model on 164352 samples
2026-01-30 16:47:18,753 - src.model_trainer - INFO - Model training complete
2026-01-30 16:47:18,849 - src.model_trainer - INFO - Training accuracy: 0.8813
2026-01-30 16:47:18,850 - src.model_trainer - INFO - Performing 5-fold cross-validation
2026-01-30 16:47:27,272 - src.model_trainer - INFO - CV Accuracy: 0.8777 (+/- 0.0154)
2026-01-30 16:47:27,273 - src.model_trainer - INFO - Initialized XGBoost model
2026-01-30 16:47:27,273 - src.model_trainer - INFO - Training xgboost model on 164352 samples
2026-01-30 16:47:29,061 - src.model_trainer - INFO - Model training complete
2026-01-30 16:47:29,097 - src.model_trainer - INFO - Training accuracy: 0.9534
2026-01-30 16:47:29,098 - src.model_trainer - INFO - Performing 5-fold cross-validation
2026-01-30 16:47:31,027 - src.model_trainer - INFO - CV Accuracy: 0.9544 (+/- 0.0535)
2026-01-30 16:52:09,371 - src.model_trainer - INFO - Saving model to /home/abel/Desktop/fraud-detection/fraud-detection-for-e-commerce-and-bank-transactions/models/ecommerce_xgboost_model.joblib
2026-01-30 16:52:09,378 - src.model_trainer - INFO - Model saved successfully
2026-01-30 16:52:19,190 - src.model_trainer - INFO - Saving model to /home/abel/Desktop/fraud-detection/fraud-detection-for-e-commerce-and-bank-transactions/models/ecommerce_xgboost_model.joblib
2026-01-30 16:52:19,195 - src.model_trainer - INFO - Model saved successfully
2026-01-30 16:52:54,281 - src.model_trainer - INFO - Saving model to /home/abel/Desktop/fraud-detection/fraud-detection-for-e-commerce-and-bank-transactions/models/ecommerce_xgboost_model.joblib
2026-01-30 16:52:54,286 - src.model_trainer - INFO - Model saved successfully
2026-01-30 16:53:42,947 - src.model_trainer - INFO - Saving model to /home/abel/Desktop/fraud-detection/fraud-detection-for-e-commerce-and-bank-transactions/models/creditcard_xgboost_model.joblib
2026-01-30 16:53:42,953 - src.model_trainer - INFO - Model saved successfully
2026-01-30 16:59:24,323 - src.model_trainer - INFO - Initialized Random Forest model
2026-01-30 16:59:24,323 - src.model_trainer - INFO - Loading model from /home/abel/Desktop/fraud-detection/fraud-detection-for-e-commerce-and-bank-transactions/models/ecommerce_xgboost_model.joblib
2026-01-30 16:59:25,805 - src.model_trainer - INFO - Model loaded successfully: xgboost
2026-01-30 16:59:26,270 - src.model_trainer - INFO - Initialized Random Forest model
2026-01-30 16:59:26,270 - src.model_trainer - INFO - Loading model from /home/abel/Desktop/fraud-detection/fraud-detection-for-e-commerce-and-bank-transactions/models/ecommerce_xgboost_model.joblib
2026-01-30 16:59:26,272 - src.model_trainer - INFO - Model loaded successfully: xgboost
2026-01-30 16:59:40,769 - src.model_trainer - INFO - Initialized Random Forest model
2026-01-30 16:59:40,769 - src.model_trainer - INFO - Training random_forest model on 164352 samples
2026-01-30 16:59:42,537 - src.model_trainer - INFO - Model training complete
2026-01-30 16:59:42,628 - src.model_trainer - INFO - Training accuracy: 0.8831
2026-01-30 16:59:42,628 - src.model_trainer - INFO - Performing 5-fold cross-validation
2026-01-30 16:59:50,888 - src.model_trainer - INFO - CV Accuracy: 0.8831 (+/- 0.0183)
2026-01-30 16:59:50,984 - src.model_trainer - INFO - Saving model to /home/abel/Desktop/fraud-detection/fraud-detection-for-e-commerce-and-bank-transactions/models/random_forest_fraud_model.joblib
2026-01-30 16:59:51,024 - src.model_trainer - INFO - Model saved successfully
2026-01-30 17:00:32,794 - src.model_trainer - INFO - Initialized Random Forest model
2026-01-30 17:00:32,794 - src.model_trainer - INFO - Loading model from /home/abel/Desktop/fraud-detection/fraud-detection-for-e-commerce-and-bank-transactions/models/random_forest_fraud_model.joblib
2026-01-30 17:00:32,811 - src.model_trainer - INFO - Model loaded successfully: random_forest
2026-01-30 17:01:14,391 - src.model_trainer - INFO - Initialized Random Forest model
2026-01-30 17:01:14,391 - src.model_trainer - INFO - Loading model from /home/abel/Desktop/fraud-detection/fraud-detection-for-e-commerce-and-bank-transactions/models/random_forest_fraud_model.joblib
2026-01-30 17:01:14,409 - src.model_trainer - INFO - Model loaded successfully: random_forest
2026-01-30 17:03:00,343 - src.model_trainer - INFO - Initialized Random Forest model
2026-01-30 17:03:00,343 - src.model_trainer - INFO - Loading model from /home/abel/Desktop/fraud-detection/fraud-detection-for-e-commerce-and-bank-transactions/models/ecommerce_xgboost_model.joblib
2026-01-30 17:03:00,345 - src.model_trainer - INFO - Model loaded successfully: xgboost
2026-01-30 17:12:08,282 - src.model_trainer - INFO - Initialized Random Forest model
2026-01-30 17:12:08,282 - src.model_trainer - INFO - Loading model from /home/abel/Desktop/fraud-detection/fraud-detection-for-e-commerce-and-bank-transactions/models/ecommerce_xgboost_model.joblib
2026-01-30 17:12:09,751 - src.model_trainer - INFO - Model loaded successfully: xgboost
2026-01-30 17:12:30,355 - src.model_trainer - INFO - Initialized Random Forest model
2026-01-30 17:12:30,355 - src.model_trainer - INFO - Loading model from /home/abel/Desktop/fraud-detection/fraud-detection-for-e-commerce-and-bank-transactions/models/ecommerce_xgboost_model.joblib
2026-01-30 17:12:30,365 - src.model_trainer - INFO - Model loaded successfully: xgboost
2026-01-30 17:12:41,141 - src.model_trainer - INFO - Initialized Random Forest model
2026-01-30 17:12:41,141 - src.model_trainer - INFO - Loading model from /home/abel/Desktop/fraud-detection/fraud-detection-for-e-commerce-and-bank-transactions/models/random_forest_fraud_model.joblib
2026-01-30 17:12:41,160 - src.model_trainer - INFO - Model loaded successfully: random_forest
2026-01-30 17:14:36,106 - src.model_trainer - INFO - Initialized XGBoost model
2026-01-30 17:14:36,106 - src.model_trainer - INFO - Training xgboost model on 164352 samples
2026-01-30 17:14:36,361 - src.model_trainer - INFO - Model training complete
2026-01-30 17:14:36,396 - src.model_trainer - INFO - Training accuracy: 0.9517
2026-01-30 17:14:36,396 - src.model_trainer - INFO - Performing 5-fold cross-validation
2026-01-30 17:14:39,688 - src.model_trainer - INFO - CV Accuracy: 0.9531 (+/- 0.0534)
2026-01-30 17:14:39,745 - src.model_trainer - INFO - Saving model to /home/abel/Desktop/fraud-detection/fraud-detection-for-e-commerce-and-bank-transactions/models/xgboost_fraud_model.joblib
2026-01-30 17:14:39,747 - src.model_trainer - INFO - Model saved successfully
2026-01-30 17:14:49,350 - src.model_trainer - INFO - Initialized Random Forest model
2026-01-30 17:14:49,350 - src.model_trainer - INFO - Loading model from /home/abel/Desktop/fraud-detection/fraud-detection-for-e-commerce-and-bank-transactions/models/ecommerce_xgboost_model.joblib
2026-01-30 17:14:49,362 - src.model_trainer - INFO - Model loaded successfully: xgboost
2026-01-30 17:15:49,476 - src.model_trainer - INFO - Initialized XGBoost model
2026-01-30 17:15:49,477 - src.model_trainer - INFO - Training xgboost model on 164352 samples
2026-01-30 17:15:49,778 - src.model_trainer - INFO - Model training complete
2026-01-30 17:15:49,813 - src.model_trainer - INFO - Training accuracy: 0.9517
2026-01-30 17:15:49,814 - src.model_trainer - INFO - Performing 5-fold cross-validation
2026-01-30 17:15:52,931 - src.model_trainer - INFO - CV Accuracy: 0.9531 (+/- 0.0534)
2026-01-30 17:15:52,985 - src.model_trainer - INFO - Saving model to /home/abel/Desktop/fraud-detection/fraud-detection-for-e-commerce-and-bank-transactions/models/xgboost_fraud_model.joblib
2026-01-30 17:15:52,987 - src.model_trainer - INFO - Model saved successfully
2026-01-30 17:16:08,450 - src.model_trainer - INFO - Initialized Random Forest model
2026-01-30 17:16:08,450 - src.model_trainer - INFO - Loading model from /home/abel/Desktop/fraud-detection/fraud-detection-for-e-commerce-and-bank-transactions/models/xgboost_fraud_model.joblib
2026-01-30 17:16:08,459 - src.model_trainer - INFO - Model loaded successfully: xgboost
2026-01-30 17:16:30,587 - src.model_trainer - INFO - Initialized Random Forest model
2026-01-30 17:16:30,587 - src.model_trainer - INFO - Loading model from /home/abel/Desktop/fraud-detection/fraud-detection-for-e-commerce-and-bank-transactions/models/xgboost_fraud_model.joblib
2026-01-30 17:16:30,596 - src.model_trainer - INFO - Model loaded successfully: xgboost
2026-01-30 17:23:29,087 - src.model_trainer - INFO - Saving model to /home/abel/Desktop/fraud-detection/fraud-detection-for-e-commerce-and-bank-transactions/models/ecommerce_xgboost_model.joblib
2026-01-30 17:23:29,096 - src.model_trainer - INFO - Model saved successfully
2026-01-30 17:24:19,756 - src.model_trainer - INFO - Saving model to /home/abel/Desktop/fraud-detection/fraud-detection-for-e-commerce-and-bank-transactions/models/ecommerce_xgboost_model.joblib
2026-01-30 17:24:19,761 - src.model_trainer - INFO - Model saved successfully
2026-01-30 17:24:29,079 - src.model_trainer - INFO - Initialized Random Forest model
2026-01-30 17:24:29,079 - src.model_trainer - INFO - Loading model from /home/abel/Desktop/fraud-detection/fraud-detection-for-e-commerce-and-bank-transactions/models/ecommerce_xgboost_model.joblib
2026-01-30 17:24:29,083 - src.model_trainer - INFO - Model loaded successfully: xgboost
2026-01-30 17:26:44,995 - src.model_trainer - INFO - Initialized XGBoost model
2026-01-30 17:26:44,996 - src.model_trainer - INFO - Training xgboost model on 164352 samples
2026-01-30 17:26:45,330 - src.model_trainer - INFO - Model training complete
2026-01-30 17:26:45,364 - src.model_trainer - INFO - Training accuracy: 0.9517
2026-01-30 17:26:45,364 - src.model_trainer - INFO - Performing 5-fold cross-validation
2026-01-30 17:26:48,848 - src.model_trainer - INFO - CV Accuracy: 0.9531 (+/- 0.0534)
2026-01-30 17:26:48,907 - src.model_trainer - INFO - Saving model to /home/abel/Desktop/fraud-detection/fraud-detection-for-e-commerce-and-bank-transactions/models/xgboost_fraud_model.joblib
2026-01-30 17:26:48,911 - src.model_trainer - INFO - Model saved successfully
2026-01-30 17:26:48,912 - src.model_trainer - INFO - Initialized Random Forest model
2026-01-30 17:26:48,912 - src.model_trainer - INFO - Training random_forest model on 164352 samples
2026-01-30 17:26:50,616 - src.model_trainer - INFO - Model training complete
2026-01-30 17:26:50,713 - src.model_trainer - INFO - Training accuracy: 0.8823
2026-01-30 17:26:50,713 - src.model_trainer - INFO - Performing 5-fold cross-validation
2026-01-30 17:26:58,764 - src.model_trainer - INFO - CV Accuracy: 0.8791 (+/- 0.0165)
2026-01-30 17:26:58,850 - src.model_trainer - INFO - Saving model to /home/abel/Desktop/fraud-detection/fraud-detection-for-e-commerce-and-bank-transactions/models/random_forest_fraud_model.joblib
2026-01-30 17:26:58,890 - src.model_trainer - INFO - Model saved successfully
2026-01-30 17:27:14,650 - src.model_trainer - INFO - Initialized Random Forest model
2026-01-30 17:27:14,650 - src.model_trainer - INFO - Loading model from /home/abel/Desktop/fraud-detection/fraud-detection-for-e-commerce-and-bank-transactions/models/random_forest_fraud_model.joblib
2026-01-30 17:27:14,669 - src.model_trainer - INFO - Model loaded successfully: random_forest
2026-01-30 17:27:29,758 - src.model_trainer - INFO - Initialized Random Forest model
2026-01-30 17:27:29,758 - src.model_trainer - INFO - Loading model from /home/abel/Desktop/fraud-detection/fraud-detection-for-e-commerce-and-bank-transactions/models/random_forest_fraud_model.joblib
2026-01-30 17:27:29,776 - src.model_trainer - INFO - Model loaded successfully: random_forest
2026-01-30 17:27:44,044 - src.model_trainer - INFO - Initialized Random Forest model
2026-01-30 17:27:44,044 - src.model_trainer - INFO - Loading model from /home/abel/Desktop/fraud-detection/fraud-detection-for-e-commerce-and-bank-transactions/models/random_forest_fraud_model.joblib
2026-01-30 17:27:44,061 - src.model_trainer - INFO - Model loaded successfully: random_forest
2026-01-30 17:28:10,831 - src.model_trainer - INFO - Initialized Random Forest model
2026-01-30 17:28:10,831 - src.model_trainer - INFO - Loading model from /home/abel/Desktop/fraud-detection/fraud-detection-for-e-commerce-and-bank-transactions/models/random_forest_fraud_model.joblib
2026-01-30 17:28:10,849 - src.model_trainer - INFO - Model loaded successfully: random_forest
2026-01-30 17:28:33,564 - src.model_trainer - INFO - Initialized Random Forest model
2026-01-30 17:28:33,564 - src.model_trainer - INFO - Loading model from /home/abel/Desktop/fraud-detection/fraud-detection-for-e-commerce-and-bank-transactions/models/random_forest_fraud_model.joblib
2026-01-30 17:28:33,581 - src.model_trainer - INFO - Model loaded successfully: random_forest
2026-01-30 17:30:23,884 - src.model_trainer - INFO - Initialized Logistic Regression model
2026-01-30 17:30:23,888 - src.model_trainer - INFO - Training logistic_regression model on 164352 samples
2026-01-30 17:30:24,966 - src.model_trainer - INFO - Model training complete
2026-01-30 17:30:24,984 - src.model_trainer - INFO - Training accuracy: 0.8479
2026-01-30 17:30:24,985 - src.model_trainer - INFO - Performing 5-fold cross-validation
2026-01-30 17:30:26,189 - src.model_trainer - INFO - CV Accuracy: 0.8479 (+/- 0.0009)
2026-01-30 17:30:26,190 - src.model_trainer - INFO - Initialized Random Forest model
2026-01-30 17:30:26,190 - src.model_trainer - INFO - Training random_forest model on 164352 samples
2026-01-30 17:30:28,004 - src.model_trainer - INFO - Model training complete
2026-01-30 17:30:28,100 - src.model_trainer - INFO - Training accuracy: 0.8813
2026-01-30 17:30:28,101 - src.model_trainer - INFO - Performing 5-fold cross-validation
2026-01-30 17:30:36,392 - src.model_trainer - INFO - CV Accuracy: 0.8777 (+/- 0.0154)
2026-01-30 17:30:36,393 - src.model_trainer - INFO - Initialized XGBoost model
2026-01-30 17:30:36,419 - src.model_trainer - INFO - Training xgboost model on 164352 samples
2026-01-30 17:30:38,306 - src.model_trainer - INFO - Model training complete
2026-01-30 17:30:38,342 - src.model_trainer - INFO - Training accuracy: 0.9534
2026-01-30 17:30:38,343 - src.model_trainer - INFO - Performing 5-fold cross-validation
2026-01-30 17:30:40,406 - src.model_trainer - INFO - CV Accuracy: 0.9544 (+/- 0.0535)
2026-01-30 17:31:30,887 - src.model_trainer - INFO - Saving model to /home/abel/Desktop/fraud-detection/fraud-detection-for-e-commerce-and-bank-transactions/models/ecommerce_xgboost_model.joblib
2026-01-30 17:31:30,894 - src.model_trainer - INFO - Model saved successfully
